
------------------------------------------------------------
Sender: LSF System <lsfadmin@edragon182>
Subject: Job 21000048: <combineAF_all> in cluster <seadragon_cluster> Done

Job <combineAF_all> was submitted from host <ldragon5> by user <tchu> in cluster <seadragon_cluster> at Mon Nov 25 12:49:41 2024
Job was executed on host(s) <12*edragon182>, in queue <cgel>, as user <tchu> in cluster <seadragon_cluster> at Mon Nov 25 12:49:44 2024
</home/tchu> was used as the home directory.
</rsrch8/home/genetics/tchu/TCGA_LUAD/step6_estimate> was used as the working directory.
Started at Mon Nov 25 12:49:44 2024
Terminated at Mon Nov 25 13:27:13 2024
Results reported at Mon Nov 25 13:27:13 2024

Your job looked like:

------------------------------------------------------------
# LSBATCH: User input
#!/bin/bash
#BSUB -J combineAF_all    
#BSUB -W 4:00
#BSUB -q cgel
#BSUB -oo combineAF_all.out
#BSUB -eo combineAF_all.err
#BSUB -n 12
#BSUB -M 40
#BSUB -R "rusage[mem=40]"

#sample=TCGA-44-2655
sample=TCGA-50-6592
#sample=TCGA-55-6986
fileDir=/rsrch6/home/genetics/vanloolab/secure/TCGA/LUAD_WGS_BAM/${sample}/partitioned/TiN10/newCN_AFcombined

# concatenate on chromosome order
(head -n 1 $(ls $fileDir/chr* | sort -V) && tail -n +2 -q $(ls $fileDir/chr* | sort -V)) > $fileDir/concatenated.txt

# filter so the table contains entries that have nonzero observed counts
awk -F '\t' 'NR == 1 || ($6 != 0 || $7 != 0 || $8 != 0 || $9 != 0)' $fileDir/concatenated.txt > $fileDir/filtered_final_tbd.txt

tail -n +68 $fileDir/filtered_final_tbd.txt > $fileDir/filtered_final.txt

rm $fileDir/filtered_final_tbd.txt
------------------------------------------------------------

Successfully completed.

Resource usage summary:

    CPU time :                                   2220.51 sec.
    Max Memory :                                 -
    Average Memory :                             -
    Total Requested Memory :                     40.00 GB
    Delta Memory :                               -
    Max Swap :                                   -
    Max Processes :                              5
    Max Threads :                                6
    Run time :                                   2247 sec.
    Turnaround time :                            2252 sec.

The output (if any) is above this job summary.



PS:

Read file <combineAF_all.err> for stderr output of this job.

